[debug] [2022-12-24T21:32:52.041Z] ----------------------------------------------------------------------
[debug] [2022-12-24T21:32:52.044Z] Command:       C:\Program Files\nodejs\node.exe C:\Program Files\nodejs\node_modules\firebase-tools\lib\bin\firebase.js deploy
[debug] [2022-12-24T21:32:52.044Z] CLI Version:   11.16.1
[debug] [2022-12-24T21:32:52.044Z] Platform:      win32
[debug] [2022-12-24T21:32:52.044Z] Node Version:  v18.12.1
[debug] [2022-12-24T21:32:52.045Z] Time:          Sat Dec 24 2022 16:32:52 GMT-0500 (Eastern Standard Time)
[debug] [2022-12-24T21:32:52.046Z] ----------------------------------------------------------------------
[debug] 
[debug] [2022-12-24T21:32:52.055Z] >>> [apiv2][query] GET https://firebase-public.firebaseio.com/cli.json [none]
[debug] [2022-12-24T21:32:52.195Z] > command requires scopes: ["email","openid","https://www.googleapis.com/auth/cloudplatformprojects.readonly","https://www.googleapis.com/auth/firebase","https://www.googleapis.com/auth/cloud-platform"]
[debug] [2022-12-24T21:32:52.196Z] > authorizing via signed-in user (karmit199@gmail.com)
[debug] [2022-12-24T21:32:52.196Z] [iam] checking project karmitp98 for permissions ["cloudfunctions.functions.create","cloudfunctions.functions.delete","cloudfunctions.functions.get","cloudfunctions.functions.list","cloudfunctions.functions.update","cloudfunctions.operations.get","datastore.indexes.create","datastore.indexes.delete","datastore.indexes.list","datastore.indexes.update","firebase.projects.get","firebasehosting.sites.update"]
[debug] [2022-12-24T21:32:52.198Z] > refreshing access token with scopes: []
[debug] [2022-12-24T21:32:52.199Z] >>> [apiv2][query] POST https://www.googleapis.com/oauth2/v3/token [none]
[debug] [2022-12-24T21:32:52.199Z] >>> [apiv2][body] POST https://www.googleapis.com/oauth2/v3/token [omitted]
[debug] [2022-12-24T21:32:52.340Z] <<< [apiv2][status] GET https://firebase-public.firebaseio.com/cli.json 200
[debug] [2022-12-24T21:32:52.341Z] <<< [apiv2][body] GET https://firebase-public.firebaseio.com/cli.json {"cloudBuildErrorAfter":1594252800000,"cloudBuildWarnAfter":1590019200000,"defaultNode10After":1594252800000,"minVersion":"3.0.5","node8DeploysDisabledAfter":1613390400000,"node8RuntimeDisabledAfter":1615809600000,"node8WarnAfter":1600128000000}
[debug] [2022-12-24T21:32:52.445Z] <<< [apiv2][status] POST https://www.googleapis.com/oauth2/v3/token 200
[debug] [2022-12-24T21:32:52.445Z] <<< [apiv2][body] POST https://www.googleapis.com/oauth2/v3/token [omitted]
[debug] [2022-12-24T21:32:52.470Z] >>> [apiv2][query] POST https://cloudresourcemanager.googleapis.com/v1/projects/karmitp98:testIamPermissions [none]
[debug] [2022-12-24T21:32:52.470Z] >>> [apiv2][(partial)header] POST https://cloudresourcemanager.googleapis.com/v1/projects/karmitp98:testIamPermissions x-goog-quota-user=projects/karmitp98
[debug] [2022-12-24T21:32:52.470Z] >>> [apiv2][body] POST https://cloudresourcemanager.googleapis.com/v1/projects/karmitp98:testIamPermissions {"permissions":["cloudfunctions.functions.create","cloudfunctions.functions.delete","cloudfunctions.functions.get","cloudfunctions.functions.list","cloudfunctions.functions.update","cloudfunctions.operations.get","datastore.indexes.create","datastore.indexes.delete","datastore.indexes.list","datastore.indexes.update","firebase.projects.get","firebasehosting.sites.update"]}
[debug] [2022-12-24T21:32:52.689Z] <<< [apiv2][status] POST https://cloudresourcemanager.googleapis.com/v1/projects/karmitp98:testIamPermissions 200
[debug] [2022-12-24T21:32:52.690Z] <<< [apiv2][body] POST https://cloudresourcemanager.googleapis.com/v1/projects/karmitp98:testIamPermissions {"permissions":["cloudfunctions.functions.create","cloudfunctions.functions.delete","cloudfunctions.functions.get","cloudfunctions.functions.list","cloudfunctions.functions.update","cloudfunctions.operations.get","datastore.indexes.create","datastore.indexes.delete","datastore.indexes.list","datastore.indexes.update","firebase.projects.get","firebasehosting.sites.update"]}
[debug] [2022-12-24T21:32:52.690Z] >>> [apiv2][query] POST https://iam.googleapis.com/v1/projects/karmitp98/serviceAccounts/karmitp98@appspot.gserviceaccount.com:testIamPermissions [none]
[debug] [2022-12-24T21:32:52.690Z] >>> [apiv2][body] POST https://iam.googleapis.com/v1/projects/karmitp98/serviceAccounts/karmitp98@appspot.gserviceaccount.com:testIamPermissions {"permissions":["iam.serviceAccounts.actAs"]}
[debug] [2022-12-24T21:32:52.907Z] <<< [apiv2][status] POST https://iam.googleapis.com/v1/projects/karmitp98/serviceAccounts/karmitp98@appspot.gserviceaccount.com:testIamPermissions 200
[debug] [2022-12-24T21:32:52.907Z] <<< [apiv2][body] POST https://iam.googleapis.com/v1/projects/karmitp98/serviceAccounts/karmitp98@appspot.gserviceaccount.com:testIamPermissions {"permissions":["iam.serviceAccounts.actAs"]}
[debug] [2022-12-24T21:32:52.908Z] >>> [apiv2][query] GET https://firebase.googleapis.com/v1beta1/projects/karmitp98 [none]
[debug] [2022-12-24T21:32:53.136Z] <<< [apiv2][status] GET https://firebase.googleapis.com/v1beta1/projects/karmitp98 200
[debug] [2022-12-24T21:33:04.930Z] ----------------------------------------------------------------------
[debug] [2022-12-24T21:33:04.932Z] Command:       C:\Program Files\nodejs\node.exe C:\Program Files\nodejs\node_modules\firebase-tools\lib\bin\firebase.js deploy
[debug] [2022-12-24T21:33:04.932Z] CLI Version:   11.16.1
[debug] [2022-12-24T21:33:04.932Z] Platform:      win32
[debug] [2022-12-24T21:33:04.932Z] Node Version:  v18.12.1
[debug] [2022-12-24T21:33:04.933Z] Time:          Sat Dec 24 2022 16:33:04 GMT-0500 (Eastern Standard Time)
[debug] [2022-12-24T21:33:04.933Z] ----------------------------------------------------------------------
[debug] 
[debug] [2022-12-24T21:33:05.025Z] > command requires scopes: ["email","openid","https://www.googleapis.com/auth/cloudplatformprojects.readonly","https://www.googleapis.com/auth/firebase","https://www.googleapis.com/auth/cloud-platform"]
[debug] [2022-12-24T21:33:05.025Z] > authorizing via signed-in user (karmit199@gmail.com)
[debug] [2022-12-24T21:33:05.025Z] [iam] checking project karmitp98 for permissions ["cloudfunctions.functions.create","cloudfunctions.functions.delete","cloudfunctions.functions.get","cloudfunctions.functions.list","cloudfunctions.functions.update","cloudfunctions.operations.get","datastore.indexes.create","datastore.indexes.delete","datastore.indexes.list","datastore.indexes.update","firebase.projects.get","firebasehosting.sites.update"]
[debug] [2022-12-24T21:33:05.028Z] >>> [apiv2][query] POST https://cloudresourcemanager.googleapis.com/v1/projects/karmitp98:testIamPermissions [none]
[debug] [2022-12-24T21:33:05.028Z] >>> [apiv2][(partial)header] POST https://cloudresourcemanager.googleapis.com/v1/projects/karmitp98:testIamPermissions x-goog-quota-user=projects/karmitp98
[debug] [2022-12-24T21:33:05.028Z] >>> [apiv2][body] POST https://cloudresourcemanager.googleapis.com/v1/projects/karmitp98:testIamPermissions {"permissions":["cloudfunctions.functions.create","cloudfunctions.functions.delete","cloudfunctions.functions.get","cloudfunctions.functions.list","cloudfunctions.functions.update","cloudfunctions.operations.get","datastore.indexes.create","datastore.indexes.delete","datastore.indexes.list","datastore.indexes.update","firebase.projects.get","firebasehosting.sites.update"]}
[debug] [2022-12-24T21:33:05.301Z] <<< [apiv2][status] POST https://cloudresourcemanager.googleapis.com/v1/projects/karmitp98:testIamPermissions 200
[debug] [2022-12-24T21:33:05.301Z] <<< [apiv2][body] POST https://cloudresourcemanager.googleapis.com/v1/projects/karmitp98:testIamPermissions {"permissions":["cloudfunctions.functions.create","cloudfunctions.functions.delete","cloudfunctions.functions.get","cloudfunctions.functions.list","cloudfunctions.functions.update","cloudfunctions.operations.get","datastore.indexes.create","datastore.indexes.delete","datastore.indexes.list","datastore.indexes.update","firebase.projects.get","firebasehosting.sites.update"]}
[debug] [2022-12-24T21:33:05.301Z] >>> [apiv2][query] POST https://iam.googleapis.com/v1/projects/karmitp98/serviceAccounts/karmitp98@appspot.gserviceaccount.com:testIamPermissions [none]
[debug] [2022-12-24T21:33:05.301Z] >>> [apiv2][body] POST https://iam.googleapis.com/v1/projects/karmitp98/serviceAccounts/karmitp98@appspot.gserviceaccount.com:testIamPermissions {"permissions":["iam.serviceAccounts.actAs"]}
[debug] [2022-12-24T21:33:05.499Z] <<< [apiv2][status] POST https://iam.googleapis.com/v1/projects/karmitp98/serviceAccounts/karmitp98@appspot.gserviceaccount.com:testIamPermissions 200
[debug] [2022-12-24T21:33:05.499Z] <<< [apiv2][body] POST https://iam.googleapis.com/v1/projects/karmitp98/serviceAccounts/karmitp98@appspot.gserviceaccount.com:testIamPermissions {"permissions":["iam.serviceAccounts.actAs"]}
[debug] [2022-12-24T21:33:05.500Z] >>> [apiv2][query] GET https://firebase.googleapis.com/v1beta1/projects/karmitp98 [none]
[debug] [2022-12-24T21:33:05.796Z] <<< [apiv2][status] GET https://firebase.googleapis.com/v1beta1/projects/karmitp98 200
